2013-04-05 15:25:47,774 ERROR [Worker-12] - System.err - java.lang.reflect.InvocationTargetException
2013-04-05 15:25:47,775 ERROR [Worker-12] - System.err - at sun.reflect.NativeMethodAccessorImpl.invoke0(Native Method)
2013-04-05 15:25:47,775 ERROR [Worker-12] - System.err - at sun.reflect.NativeMethodAccessorImpl.invoke(NativeMethodAccessorImpl.java:39)
2013-04-05 15:25:47,775 ERROR [Worker-12] - System.err - at sun.reflect.DelegatingMethodAccessorImpl.invoke(DelegatingMethodAccessorImpl.java:25)
2013-04-05 15:25:47,775 ERROR [Worker-12] - System.err - at java.lang.reflect.Method.invoke(Method.java:597)
2013-04-05 15:25:47,775 ERROR [Worker-12] - System.err - at org.springframework.ide.eclipse.roo.core.RooCoreActivator.invokeMethod(RooCoreActivator.java:100)
2013-04-05 15:25:47,775 ERROR [Worker-12] - System.err - at org.springframework.ide.eclipse.roo.core.RooCoreActivator.registerHttpPgpUrlHandler(RooCoreActivator.java:127)
2013-04-05 15:25:47,776 ERROR [Worker-12] - System.err - at org.springframework.ide.eclipse.roo.core.RooCoreActivator.access$0(RooCoreActivator.java:107)
2013-04-05 15:25:47,776 ERROR [Worker-12] - System.err - at org.springframework.ide.eclipse.roo.core.RooCoreActivator$1.run(RooCoreActivator.java:78)
2013-04-05 15:25:47,776 ERROR [Worker-12] - System.err - at org.eclipse.core.internal.jobs.Worker.run(Worker.java:54)
2013-04-05 15:25:47,776 ERROR [Worker-12] - System.err - Caused by: java.lang.NullPointerException
2013-04-05 15:25:47,776 ERROR [Worker-12] - System.err - at org.eclipse.equinox.weaving.adaptors.WeavingAdaptorFactory.getHost(WeavingAdaptorFactory.java:102)
2013-04-05 15:25:47,776 ERROR [Worker-12] - System.err - at org.eclipse.equinox.weaving.hooks.WeavingHook.getHostBundleAdaptor(WeavingHook.java:78)
2013-04-05 15:25:47,776 ERROR [Worker-12] - System.err - at org.eclipse.equinox.weaving.hooks.BundleAdaptorProvider.getAdaptor(BundleAdaptorProvider.java:32)
2013-04-05 15:25:47,776 ERROR [Worker-12] - System.err - at org.eclipse.equinox.weaving.hooks.AbstractWeavingBundleFile.getAdaptor(AbstractWeavingBundleFile.java:58)
2013-04-05 15:25:47,776 ERROR [Worker-12] - System.err - at org.eclipse.equinox.weaving.hooks.WeavingBundleFile.getEntry(WeavingBundleFile.java:61)
2013-04-05 15:25:47,776 ERROR [Worker-12] - System.err - at org.eclipse.osgi.baseadaptor.bundlefile.BundleFileWrapperChain.getEntry(BundleFileWrapperChain.java:43)
2013-04-05 15:25:47,776 ERROR [Worker-12] - System.err - at org.eclipse.osgi.baseadaptor.BaseData.getEntry0(BaseData.java:114)
2013-04-05 15:25:47,776 ERROR [Worker-12] - System.err - at org.eclipse.osgi.baseadaptor.BaseData.getEntry(BaseData.java:105)
2013-04-05 15:25:47,776 ERROR [Worker-12] - System.err - at org.eclipse.osgi.baseadaptor.BaseAdaptor$4.getNextElement(BaseAdaptor.java:559)
2013-04-05 15:25:47,777 ERROR [Worker-12] - System.err - at org.eclipse.osgi.baseadaptor.BaseAdaptor$4.nextElement(BaseAdaptor.java:546)
2013-04-05 15:25:47,777 ERROR [Worker-12] - System.err - at org.eclipse.osgi.baseadaptor.BaseAdaptor$4.nextElement(BaseAdaptor.java:1)
2013-04-05 15:25:47,777 ERROR [Worker-12] - System.err - at org.springframework.roo.support.osgi.OSGiUtils$2.execute(OSGiUtils.java:101)
2013-04-05 15:25:47,777 ERROR [Worker-12] - System.err - at org.springframework.roo.support.osgi.OSGiUtils.execute(OSGiUtils.java:138)
2013-04-05 15:25:47,777 ERROR [Worker-12] - System.err - at org.springframework.roo.support.osgi.OSGiUtils.findEntriesByPattern(OSGiUtils.java:95)
2013-04-05 15:25:47,777 ERROR [Worker-12] - System.err - at org.springframework.roo.felix.pgp.PgpServiceImpl.trustDefaultKeys(PgpServiceImpl.java:98)
2013-04-05 15:25:47,777 ERROR [Worker-12] - System.err - ... 9 more
